<testsuites id="" name="" tests="1" failures="0" skipped="0" errors="0" time="11.345482">
<testsuite name="example-test-project.spec.ts" timestamp="2024-04-23T15:47:27.435Z" hostname="chromium" tests="1" failures="0" skipped="0" time="10.341" errors="0">
<testcase name="Test Case Two: Placing Order" classname="example-test-project.spec.ts" time="10.341">
<system-out>
<![CDATA[Successfully navigated to my account
Successfully dismissed a banner below
Successfully navigated to my account
Successfully logged into my account
Successfully added an item to cart
Successfully placed an order
Successfully assigned order number from order summary page to variable: 13173
Successfully navigated to Account
Successfully assigned order number from Account->Orders to variable: #13173
Successfully closed the website
]]>
</system-out>
</testcase>
</testsuite>
</testsuites>