<testsuites id="" name="" tests="3" failures="0" skipped="0" errors="0" time="21.80032">
<testsuite name="global.teardown.ts" timestamp="2024-04-30T10:35:04.130Z" hostname="teardown" tests="1" failures="0" skipped="0" time="2.314" errors="0">
<testcase name="Teardown" classname="global.teardown.ts" time="2.314">
<system-out>
<![CDATA[Now in global teardown
Successfully closed the website
]]>
</system-out>
</testcase>
</testsuite>
<testsuite name="global.setup.ts" timestamp="2024-04-30T10:35:04.130Z" hostname="setup" tests="1" failures="0" skipped="0" time="4.851" errors="0">
<testcase name="Setup process" classname="global.setup.ts" time="4.851">
<system-out>
<![CDATA[Successfully logged into my account
]]>
</system-out>
</testcase>
</testsuite>
<testsuite name="ecommerce-playwright-project.spec.ts" timestamp="2024-04-30T10:35:04.130Z" hostname="chromium" tests="1" failures="0" skipped="0" time="11.831" errors="0">
<testcase name="Test Case Two: Placing Order" classname="ecommerce-playwright-project.spec.ts" time="11.831">
</testcase>
</testsuite>
</testsuites>