<testsuites id="" name="" tests="3" failures="0" skipped="0" errors="0" time="20.334439">
<testsuite name="global.teardown.ts" timestamp="2024-04-25T09:32:45.590Z" hostname="teardown" tests="1" failures="0" skipped="0" time="3.019" errors="0">
<testcase name="Teardown" classname="global.teardown.ts" time="3.019">
<system-out>
<![CDATA[Now in global teardown
Successfully closed the website
]]>
</system-out>
</testcase>
</testsuite>
<testsuite name="global.setup.ts" timestamp="2024-04-25T09:32:45.590Z" hostname="setup" tests="1" failures="0" skipped="0" time="4.755" errors="0">
<testcase name="Setup process" classname="global.setup.ts" time="4.755">
<system-out>
<![CDATA[Successfully navigated to the ecommerce website
Successfully dismissed a banner below
Successfully navigated to my account
Successfully logged into my account
]]>
</system-out>
</testcase>
</testsuite>
<testsuite name="ecommerce-playwright-project.spec.ts" timestamp="2024-04-25T09:32:45.590Z" hostname="chromium" tests="1" failures="0" skipped="0" time="8.869" errors="0">
<testcase name="Test Case One: Applying Coupon" classname="ecommerce-playwright-project.spec.ts" time="8.869">
<system-out>
<![CDATA[Successfully added an item to cart
Successfully applied coupon edgewordsto cart
Deletes coupon code
]]>
</system-out>
</testcase>
</testsuite>
</testsuites>